<?xml version="1.0" encoding="UTF-8"?>
<!-- Generated by org.testng.reporters.JUnitReportReporter -->
<testsuite hostname="L-INE-FZR4PL3" failures="0" tests="1" name="com.selenium.JenkinsTrainingSeleProject1.Practice" time="3.492" errors="0" timestamp="2023-09-06T12:20:04 IST" skipped="0">
  <testcase classname="com.selenium.JenkinsTrainingSeleProject1.Practice" name="f" time="3.492"/>
</testsuite> <!-- com.selenium.JenkinsTrainingSeleProject1.Practice -->
