<?xml version="1.0" encoding="UTF-8"?>
<!-- Generated by org.testng.reporters.JUnitReportReporter -->
<testsuite hostname="L-INE-FZR4PL3" failures="0" tests="1" name="com.selenium.JenkinsTrainingSeleProject1.NewTestListen1" time="10.592" errors="0" timestamp="2023-09-06T15:10:09 IST" skipped="0">
  <testcase classname="com.selenium.JenkinsTrainingSeleProject1.NewTestListen1" name="f" time="10.592"/>
</testsuite> <!-- com.selenium.JenkinsTrainingSeleProject1.NewTestListen1 -->
