<?xml version="1.0" encoding="UTF-8"?>
<!-- Generated by org.testng.reporters.JUnitReportReporter -->
<testsuite hostname="L-INE-FZR4PL3" failures="0" tests="1" name="com.selenium.JenkinsTrainingSeleProject1.first" time="4.632" errors="0" timestamp="2023-09-05T17:24:07 IST" skipped="0">
  <testcase classname="com.selenium.JenkinsTrainingSeleProject1.first" name="f" time="4.632"/>
</testsuite> <!-- com.selenium.JenkinsTrainingSeleProject1.first -->
