<?xml version="1.0" encoding="UTF-8"?>
<!-- Generated by org.testng.reporters.JUnitReportReporter -->
<testsuite hostname="L-INE-FZR4PL3" failures="0" tests="2" name="com.selenium.JenkinsTrainingSeleProject1.Assesment2_QUe2_sele" time="19.718" errors="0" timestamp="2023-09-07T19:21:43 IST" skipped="0">
  <testcase classname="com.selenium.JenkinsTrainingSeleProject1.Assesment2_QUe2_sele" name="f" time="13.630"/>
  <testcase classname="com.selenium.JenkinsTrainingSeleProject1.Assesment2_QUe2_sele" name="logout" time="6.088"/>
</testsuite> <!-- com.selenium.JenkinsTrainingSeleProject1.Assesment2_QUe2_sele -->
