<?xml version="1.0" encoding="UTF-8"?>
<!-- Generated by org.testng.reporters.JUnitReportReporter -->
<testsuite hostname="L-INE-FZR4PL3" failures="0" tests="1" name="com.selenium.JenkinsTrainingSeleProject1.Practice" time="4.720" errors="0" timestamp="2023-09-07T15:42:04 IST" skipped="0">
  <testcase classname="com.selenium.JenkinsTrainingSeleProject1.Practice" name="f" time="4.720"/>
</testsuite> <!-- com.selenium.JenkinsTrainingSeleProject1.Practice -->
